-------------------------------------------------------------------------------
Test set: com.hybrid.blockchain.SimpleTransactionTest
-------------------------------------------------------------------------------
Tests run: 4, Failures: 1, Errors: 0, Skipped: 0, Time elapsed: 0.002 s <<< FAILURE! - in com.hybrid.blockchain.SimpleTransactionTest
testTransactionSigningReal  Time elapsed: 0.001 s  <<< FAILURE!
org.opentest4j.AssertionFailedError: Transaction signature verification failed ==> expected: <true> but was: <false>
	at com.hybrid.blockchain.SimpleTransactionTest.testTransactionSigningReal(SimpleTransactionTest.java:68)

