<?xml version="1.0" encoding="UTF-8"?>
<testsuite xmlns:xsi="http://www.w3.org/2001/XMLSchema-instance" xsi:noNamespaceSchemaLocation="https://maven.apache.org/surefire/maven-surefire-plugin/xsd/surefire-test-report.xsd" name="com.hybrid.blockchain.RateLimiterTest" time="1.192" tests="12" errors="0" skipped="0" failures="0">
  <properties>
[...]
</properties>
  <testcase name="testAPILimiterPreset" classname="com.hybrid.blockchain.RateLimiterTest" time="0"/>
  <testcase name="testGetAvailableTokens" classname="com.hybrid.blockchain.RateLimiterTest" time="0"/>
  <testcase name="testCustomTokenCost" classname="com.hybrid.blockchain.RateLimiterTest" time="0"/>
  <testcase name="testReset" classname="com.hybrid.blockchain.RateLimiterTest" time="0"/>
  <testcase name="testStats" classname="com.hybrid.blockchain.RateLimiterTest" time="0"/>
  <testcase name="testResetAll" classname="com.hybrid.blockchain.RateLimiterTest" time="0"/>
  <testcase name="testCleanup" classname="com.hybrid.blockchain.RateLimiterTest" time="0.087"/>
  <testcase name="testMultipleUsers" classname="com.hybrid.blockchain.RateLimiterTest" time="0.001"/>
  <testcase name="testBasicRateLimiting" classname="com.hybrid.blockchain.RateLimiterTest" time="0"/>
  <testcase name="testStrictLimiterPreset" classname="com.hybrid.blockchain.RateLimiterTest" time="0"/>
  <testcase name="testTokenRefill" classname="com.hybrid.blockchain.RateLimiterTest" time="1.101"/>
  <testcase name="testTransactionLimiterPreset" classname="com.hybrid.blockchain.RateLimiterTest" time="0.001"/>
</testsuite>